[19472:21872:0904/101418.254:WARNING:chrome_main_delegate.cc(658)] This is Chrome version 116.0.1938.69 (not a warning)
[19472:21872:0904/101418.282:WARNING:chrome_browser_cloud_management_controller.cc(88)] Could not create policy manager as CBCM is not enabled.
[19472:21872:0904/101418.394:ERROR:chrome_browser_cloud_management_controller.cc(163)] Cloud management controller initialization aborted as CBCM is not enabled.
[19472:21872:0904/101418.487:ERROR:assistance_home_client.cc(32)] File path C:\WhatsappProfillers\clienteId-148487\profile-filialId-8171\Default
[19472:21872:0904/101418.514:WARNING:activity_log_policy.cc(68)] Scheduling init
[19472:21872:0904/101418.514:WARNING:activity_log_policy.cc(68)] Scheduling init
[19472:21872:0904/101418.518:WARNING:dependency_manager.cc(56)] Trying to register KeyedService Factory: `EdgeExitTypeTrackerFactory` after the call to the main registration function `ChromeBrowserMainExtraPartsProfiles::EnsureBrowserContextKeyedServiceFactoriesBuilt()`. Please add a call your factory `KeyedServiceFactory::GetInstance()` in the previous method or to the appropriate `EnsureBrowserContextKeyedServiceFactoriesBuilt()` function to properly register your factory.
[19472:21872:0904/101418.518:WARNING:dependency_manager.cc(56)] Trying to register KeyedService Factory: `AutofillImageFetcher` after the call to the main registration function `ChromeBrowserMainExtraPartsProfiles::EnsureBrowserContextKeyedServiceFactoriesBuilt()`. Please add a call your factory `KeyedServiceFactory::GetInstance()` in the previous method or to the appropriate `EnsureBrowserContextKeyedServiceFactoriesBuilt()` function to properly register your factory.
[19472:21872:0904/101418.531:WARNING:dependency_manager.cc(56)] Trying to register KeyedService Factory: `EdgeTokenRefreshService` after the call to the main registration function `ChromeBrowserMainExtraPartsProfiles::EnsureBrowserContextKeyedServiceFactoriesBuilt()`. Please add a call your factory `KeyedServiceFactory::GetInstance()` in the previous method or to the appropriate `EnsureBrowserContextKeyedServiceFactoriesBuilt()` function to properly register your factory.
[19472:21872:0904/101418.531:WARNING:dependency_manager.cc(56)] Trying to register KeyedService Factory: `EdgeErrorBarService` after the call to the main registration function `ChromeBrowserMainExtraPartsProfiles::EnsureBrowserContextKeyedServiceFactoriesBuilt()`. Please add a call your factory `KeyedServiceFactory::GetInstance()` in the previous method or to the appropriate `EnsureBrowserContextKeyedServiceFactoriesBuilt()` function to properly register your factory.
[19472:21872:0904/101418.531:WARNING:dependency_manager.cc(56)] Trying to register KeyedService Factory: `PinnedSitesService` after the call to the main registration function `ChromeBrowserMainExtraPartsProfiles::EnsureBrowserContextKeyedServiceFactoriesBuilt()`. Please add a call your factory `KeyedServiceFactory::GetInstance()` in the previous method or to the appropriate `EnsureBrowserContextKeyedServiceFactoriesBuilt()` function to properly register your factory.
[19472:21872:0904/101418.548:WARNING:dependency_manager.cc(56)] Trying to register KeyedService Factory: `EdgeStartupUrlsCleanupHandler` after the call to the main registration function `ChromeBrowserMainExtraPartsProfiles::EnsureBrowserContextKeyedServiceFactoriesBuilt()`. Please add a call your factory `KeyedServiceFactory::GetInstance()` in the previous method or to the appropriate `EnsureBrowserContextKeyedServiceFactoriesBuilt()` function to properly register your factory.
[19472:21872:0904/101418.589:WARNING:dependency_manager.cc(56)] Trying to register KeyedService Factory: `ConsumerPushService` after the call to the main registration function `ChromeBrowserMainExtraPartsProfiles::EnsureBrowserContextKeyedServiceFactoriesBuilt()`. Please add a call your factory `KeyedServiceFactory::GetInstance()` in the previous method or to the appropriate `EnsureBrowserContextKeyedServiceFactoriesBuilt()` function to properly register your factory.
[19472:21872:0904/101418.589:WARNING:dependency_manager.cc(56)] Trying to register KeyedService Factory: `FollowableWebFilterListManager` after the call to the main registration function `ChromeBrowserMainExtraPartsProfiles::EnsureBrowserContextKeyedServiceFactoriesBuilt()`. Please add a call your factory `KeyedServiceFactory::GetInstance()` in the previous method or to the appropriate `EnsureBrowserContextKeyedServiceFactoriesBuilt()` function to properly register your factory.
[19472:21872:0904/101418.702:WARNING:dependency_manager.cc(56)] Trying to register KeyedService Factory: `HistoryClustersService` after the call to the main registration function `ChromeBrowserMainExtraPartsProfiles::EnsureBrowserContextKeyedServiceFactoriesBuilt()`. Please add a call your factory `KeyedServiceFactory::GetInstance()` in the previous method or to the appropriate `EnsureBrowserContextKeyedServiceFactoriesBuilt()` function to properly register your factory.
[19472:21872:0904/101418.702:WARNING:dependency_manager.cc(56)] Trying to register KeyedService Factory: `PageContentAnnotationsService` after the call to the main registration function `ChromeBrowserMainExtraPartsProfiles::EnsureBrowserContextKeyedServiceFactoriesBuilt()`. Please add a call your factory `KeyedServiceFactory::GetInstance()` in the previous method or to the appropriate `EnsureBrowserContextKeyedServiceFactoriesBuilt()` function to properly register your factory.
[19472:21872:0904/101418.702:WARNING:dependency_manager.cc(56)] Trying to register KeyedService Factory: `ZeroSuggestCacheServiceFactory` after the call to the main registration function `ChromeBrowserMainExtraPartsProfiles::EnsureBrowserContextKeyedServiceFactoriesBuilt()`. Please add a call your factory `KeyedServiceFactory::GetInstance()` in the previous method or to the appropriate `EnsureBrowserContextKeyedServiceFactoriesBuilt()` function to properly register your factory.
[19472:21872:0904/101418.838:WARNING:dependency_manager.cc(56)] Trying to register KeyedService Factory: `EdgeBrowserEssentialsSafetyDataManager` after the call to the main registration function `ChromeBrowserMainExtraPartsProfiles::EnsureBrowserContextKeyedServiceFactoriesBuilt()`. Please add a call your factory `KeyedServiceFactory::GetInstance()` in the previous method or to the appropriate `EnsureBrowserContextKeyedServiceFactoriesBuilt()` function to properly register your factory.
[19472:21872:0904/101418.904:ERROR:edge_auth_errors.cc(487)] EDGE_IDENTITY: Get Default OS Account failed: Error: Primary Error: kImplicitSignInFailure, Secondary Error: kAccountProviderFetchError, Platform error: 0, Error string: 

[19472:21872:0904/101418.947:WARNING:dependency_manager.cc(56)] Trying to register KeyedService Factory: `SearchPrefetchService` after the call to the main registration function `ChromeBrowserMainExtraPartsProfiles::EnsureBrowserContextKeyedServiceFactoriesBuilt()`. Please add a call your factory `KeyedServiceFactory::GetInstance()` in the previous method or to the appropriate `EnsureBrowserContextKeyedServiceFactoriesBuilt()` function to properly register your factory.
[19472:21872:0904/101418.947:WARNING:dependency_manager.cc(56)] Trying to register KeyedService Factory: `NtpSettingsPrivateDelegate` after the call to the main registration function `ChromeBrowserMainExtraPartsProfiles::EnsureBrowserContextKeyedServiceFactoriesBuilt()`. Please add a call your factory `KeyedServiceFactory::GetInstance()` in the previous method or to the appropriate `EnsureBrowserContextKeyedServiceFactoriesBuilt()` function to properly register your factory.
[15972:9984:0904/101419.447:INFO:designer_agent.cc(169)] DesignerAgent::OnDesignerDriverDisconnected: connect retry 1
[19472:21872:0904/101419.464:INFO:CONSOLE(33)] "[Report Only] This document requires 'TrustedScriptURL' assignment.", source: https://ntp.msn.com/edge/ntp?locale=pt-BR&title=Nova%20guia&dsp=1&sp=Bing&startpage=1&PC=U531 (33)
[19472:21872:0904/101419.465:INFO:CONSOLE(33)] "[Report Only] This document requires 'TrustedHTML' assignment.", source: https://ntp.msn.com/edge/ntp?locale=pt-BR&title=Nova%20guia&dsp=1&sp=Bing&startpage=1&PC=U531 (33)
[19472:21872:0904/101419.465:INFO:CONSOLE(33)] "{"name":"MS.News.Web.AppError","time":"2023-09-04T13:14:19Z","ver":"4.0","iKey":"o:0ded60c75e44443aa3484c42c1c43fe8","data":{"baseData":{},"baseType":"MS.News.Web.Base","page":{"name":"default","product":"anaheim","type":"dhp","content":{"category":"standaloneError"},"ocid":"msedgdhp"},"browser":{"clientId":"20993D0586136DE811952E87876A6CDE","clientIdType":"muid"},"flight":{"id":"msnallexpusers,prg-sp-liveapi,prg-taboola-t,preprg-1sw-dcr-t2,prg-1sw-sa-l3perfglbt,traffic-p1-dd-c,prg-1sw-1s-trf-dd-c,prg-adspeek,btrecrow3,1s-winauthservice,prg-cweawins0,traffic-p2-info-fuzzy-cf,prg-1sw-dummy,traffic-p2-jam-c,prg-p2-jam-c,prg-ias,1s-fcrypt,prg-pcsmarket-c,prg-pr2-info14sl,prg-1sw-infos14,prg-1sw-river32,prg-upsaip-w1-t,prg-upsaip-r-t,prg-cg-inv-dialog-t1-c,prg-watch-react,1s-rpssecautht,ads-dyndomc,prg-1sw-p1wtrclm,prg-healthtopads,traffic-ntp-jam-t,prg-ntp-jam,prg-r-cadsb-s-ntpssr,prg-csrad-pagets,prg-disable-ads-ssr,prg-revssrbg,prg-sent-early-log,prg-ssrasyncscript,prg-ssrntpall,prg-opt-tps-c,prg-wpo-rech5c,prg-wpo-sdt7fs-w30,prg-wpo-ts-chatc,prg-wpo-video-bst-c,prg-1s-wntpsk,prg-locnew-genc,prg-pretrigger-bypass,prg-watvid-genc,1s-re-cf2t1,1s-re-bl-20,1s-re-blacklist,1s-re-cfpred,1s-re-fix-citydup,1s-re-mixrentbuy,1s-re-pricerele,1s-re-pricerele-lv1,prg-wpo-cftrail,prg-1sw-shipfin,prg-1sw-enableact,prg-1sw-fnccombo,prg-pr2-cfnotsure,prg-pr2-dywea-t2,prg-pr2-glbddau,1s-compicsync,testva-sapphire8-2,prg-1sw-otel,1s-defaultscn,prg-1sw-pde0,1s-defaultscnw,prg-1sw-tbrcounter,prg-ugc-newhomepage,ads-stableidlookup,prg-webvitals-viewsd,prg-ad-cbuxhld,prg-1sw-srdus,prg-1unify1s,prg-unify1s,1s-brcontentview,prg-cvv2,ads-criteo-migr,prg-pr2-rfhopen,prg-ugc-cttsearch1,prg-1sw-np-t,1s-pg1-newpf,prg-1sw-prefix,prg-1sw-rv2henc,prg-1sw-spaipv2,prg-ugc-videofeed1,prg-cg-notf2,prg-cg-notf,prg-1sw-cfagg,prg-1sw-spdproc,prg-1sw-sdfuu-ship,1s-xapbnze,ads-t3lft-en,prg-p2-wxstm,prg-sh-rmitmlnk,prg-shopping-api,prg-pr2-pagefilter,prg-cg-nba-t,prg-cg-nba,nopinglancecardit,prg-cg-ingames-ct,prg-xandr-ar-no-pb,prg-xandr-w-no-pb,prg-ugc-commsmodule,prg-sh-fivecolumn,prg-sh-newcolumn,ads-floorexp-t,prg-sh-recopdp,prg-wx-wwbst,prg-wpo-nocardsqsp,prg-upscache-t,prg-wxmnns,prg-1s-wpocfp1,prg-useakmaipath,prg-1s-workid,prg-1sw-cgxap-t1,prg-1sw-cgxap,prg-1sw-cgxap-t,prg-weawinep0,prg-sh-bd-newbanner,mktautosqor,prg-1sw-rr2fn,prg-1sw-rr2fp,prg-spr-recdftp2,prg-1sw-dfscp2,prg-spr-recdftp1,prg-1sw-dfscp1,prg-1sw-spreaonly,prg-p2-hrcnsate,prg-1sw-hrcnsate,prg-1sw-spoffdis,prg-strrtng-ctrl,prg-pr2-cpi2,prg-pr2-cpi,prg-lgintlntp-2,prg-lgintl-2,1s-segdep-b1t,prg-1sw-rxshut,prg-spr-utp2,prg-1sw-p2utp,prg-spr-ut,prg-1sw-ntputp,1s-segdep-grot,1s-segdep-intt,1s-segdep-loct,1s-segdep-lott,1s-segdep-mant,1s-segdep-mobt,1s-segdep-ontt,1s-segdep-peot,1s-segdep-qnat,1s-segdep-relt,1s-segdep-walt,1s-segdep-weat,1s-segdep-tret,1s-segdep-savt,1s-segdep-livt,1s-segdep-inst,1s-segdep-reat,1s-segdep-polt,prg-proris20,prg-prorendi,prg-scrollen,prg-scrollm,prg-sent2000,prg-ugc-reimg,ads-dupcount0,prg-pr2-np-t5,prg-ad-fb2-rf,prg-ad-fb-rf,prg-1sw-epndaily,prg-toubanner-1","tmpl":"ssrscope:1"},"request":{"activityId":"2E369A7A0EEF401A88D34BF84216CB30","requestId":"2E369A7A0EEF401A88D34BF84216CB30","afdMuid":"20993D0586136DE811952E87876A6CDE"},"locale":{"mkt":"pt-br"},"extSchema":{"id":19018,"severity":1,"pb":{"isSSRScope":true,"timeToSendEarlyLog":608.7000000476837,"pageGenTime":"2023-09-04T13:14:19Z","build":"20230901.291","appType":"edgeChromium"},"message":"Early Log - No Alert"}},"ext":{"user":{"localId":"t:20993D0586136DE811952E87876A6CDE"}}}", source: https://ntp.msn.com/edge/ntp?locale=pt-BR&title=Nova%20guia&dsp=1&sp=Bing&startpage=1&PC=U531 (33)
[15972:9984:0904/101419.491:INFO:designer_agent.cc(169)] DesignerAgent::OnDesignerDriverDisconnected: connect retry 2
[15972:9984:0904/101419.492:INFO:designer_agent.cc(169)] DesignerAgent::OnDesignerDriverDisconnected: connect retry 3
[15972:9984:0904/101419.493:INFO:designer_agent.cc(169)] DesignerAgent::OnDesignerDriverDisconnected: connect retry 4
[15972:9984:0904/101419.493:INFO:designer_agent.cc(169)] DesignerAgent::OnDesignerDriverDisconnected: connect retry 5
[15972:9984:0904/101419.493:INFO:designer_agent.cc(169)] DesignerAgent::OnDesignerDriverDisconnected: connect retry 6
[15972:9984:0904/101419.493:INFO:designer_agent.cc(169)] DesignerAgent::OnDesignerDriverDisconnected: connect retry 7
[15972:9984:0904/101419.494:INFO:designer_agent.cc(169)] DesignerAgent::OnDesignerDriverDisconnected: connect retry 8
[15972:9984:0904/101419.494:INFO:designer_agent.cc(169)] DesignerAgent::OnDesignerDriverDisconnected: connect retry 9
[15972:9984:0904/101419.495:INFO:designer_agent.cc(172)] DesignerAgent::OnDesignerDriverDisconnected: connect retry times reach the maximum 
[19472:21872:0904/101420.147:INFO:CONSOLE(293)] "[Report Only] Refused to create a TrustedTypePolicy named 'fast-html' because it violates the following Content Security Policy directive: "trusted-types 'none'".", source: https://assets.msn.com/bundles/v1/edgeChromium/latest/microsoft.d751611ec3f1166d52f1.js (293)
[19472:21872:0904/101420.242:INFO:CONSOLE(293)] "[Report Only] Refused to create a TrustedTypePolicy named 'fast-html' because a policy with that name already exists and the Content Security Policy directive does not 'allow-duplicates': "trusted-types 'none'".", source: https://assets.msn.com/bundles/v1/edgeChromium/latest/microsoft.d751611ec3f1166d52f1.js (293)
[12208:18480:0904/101420.510:WARNING:dxgi_swap_chain_image_backing.cc(205)] First draw to surface should draw to everything
[19472:21872:0904/101420.517:ERROR:chrome_web_ui_controller_factory.cc(1608)] Requested load of chrome://newtab/ for incorrect profile type.
[19472:21872:0904/101420.651:INFO:CONSOLE(2)] "Error while attempting to measure start/end of 'AdServiceCall.SuperFeed'. Error: SyntaxError: Failed to execute 'measure' on 'Performance': The mark 'AdServiceCall.SuperFeed-start' does not exist. [object Object] Mon Sep 04 2023 10:14:20 GMT-0300 (Horário Padrão de Brasília)", source: https://assets.msn.com/bundles/v1/edgeChromium/latest/vendors.fae34c30442c4282f02e.js (2)
[19472:21872:0904/101420.672:INFO:CONSOLE(22)] "[Report Only] This document requires 'TrustedScriptURL' assignment.", source: https://assets.msn.com/bundles/v1/edgeChromium/latest/experience.637e2fb91a43417e813b.js (22)
[19472:21872:0904/101420.674:INFO:CONSOLE(22)] "[Report Only] This document requires 'TrustedScriptURL' assignment.", source: https://assets.msn.com/bundles/v1/edgeChromium/latest/experience.637e2fb91a43417e813b.js (22)
[19472:21872:0904/101420.675:INFO:CONSOLE(22)] "[Report Only] This document requires 'TrustedScriptURL' assignment.", source: https://assets.msn.com/bundles/v1/edgeChromium/latest/experience.637e2fb91a43417e813b.js (22)
[19472:21872:0904/101420.676:INFO:CONSOLE(22)] "[Report Only] This document requires 'TrustedScriptURL' assignment.", source: https://assets.msn.com/bundles/v1/edgeChromium/latest/experience.637e2fb91a43417e813b.js (22)
[19472:21872:0904/101420.704:INFO:CONSOLE(0)] "Error with Permissions-Policy header: Unrecognized feature: 'ambient-light-sensor'.", source:  (0)
[14456:596:0904/101420.712:INFO:designer_agent.cc(169)] DesignerAgent::OnDesignerDriverDisconnected: connect retry 1
[19472:21872:0904/101420.717:WARNING:pinned_sites_cache.cc(185)] Cache isn't initialized
[19472:21872:0904/101420.717:WARNING:pinned_sites_cache.cc(185)] Cache isn't initialized
[14456:596:0904/101420.745:INFO:designer_agent.cc(169)] DesignerAgent::OnDesignerDriverDisconnected: connect retry 2
[14456:596:0904/101420.747:INFO:designer_agent.cc(169)] DesignerAgent::OnDesignerDriverDisconnected: connect retry 3
[14456:596:0904/101420.747:INFO:designer_agent.cc(169)] DesignerAgent::OnDesignerDriverDisconnected: connect retry 4
[14456:596:0904/101420.748:INFO:designer_agent.cc(169)] DesignerAgent::OnDesignerDriverDisconnected: connect retry 5
[14456:596:0904/101420.748:INFO:designer_agent.cc(169)] DesignerAgent::OnDesignerDriverDisconnected: connect retry 6
[14456:596:0904/101420.748:INFO:designer_agent.cc(169)] DesignerAgent::OnDesignerDriverDisconnected: connect retry 7
[14456:596:0904/101420.748:INFO:designer_agent.cc(169)] DesignerAgent::OnDesignerDriverDisconnected: connect retry 8
[14456:596:0904/101420.748:INFO:designer_agent.cc(169)] DesignerAgent::OnDesignerDriverDisconnected: connect retry 9
[14456:596:0904/101420.748:INFO:designer_agent.cc(172)] DesignerAgent::OnDesignerDriverDisconnected: connect retry times reach the maximum 
[19472:21872:0904/101420.757:INFO:CONSOLE(2)] "PSL: window.chrome.ntpSettingsPrivate.getPref does not have campaigns. [object Object] Mon Sep 04 2023 10:14:20 GMT-0300 (Horário Padrão de Brasília)", source: https://assets.msn.com/bundles/v1/edgeChromium/latest/vendors.fae34c30442c4282f02e.js (2)
[8052:12716:0904/101420.897:WARNING:spdy_session.cc(3228)] Received HEADERS for invalid stream 1
[12208:4944:0904/101421.007:WARNING:angle_platform_impl.cc(49)] HLSLCompiler.cpp:244 (compileToBinary): 
C:\fakepath(134,3-70): warning X3557: loop only executes for 1 iteration(s), forcing loop to unroll

[12208:18480:0904/101421.026:WARNING:dxgi_swap_chain_image_backing.cc(205)] First draw to surface should draw to everything
[19472:21872:0904/101421.666:WARNING:pinned_sites_cache.cc(185)] Cache isn't initialized
[19472:21872:0904/101421.666:WARNING:pinned_sites_cache.cc(185)] Cache isn't initialized
[19472:21872:0904/101421.711:WARNING:pinned_sites_cache.cc(185)] Cache isn't initialized
[19472:21872:0904/101421.711:WARNING:pinned_sites_cache.cc(185)] Cache isn't initialized
[19472:21872:0904/101421.740:INFO:CONSOLE(7)] "Another connection wants to delete database 'wawc'. Closing db now to resume the delete request.", source: https://web.whatsapp.com/vendor1~app.7f14216f970118f62a35.js (7)
[19472:21872:0904/101422.854:WARNING:pinned_sites_cache.cc(185)] Cache isn't initialized
[19472:21872:0904/101422.854:WARNING:pinned_sites_cache.cc(185)] Cache isn't initialized
[12208:18480:0904/101425.273:WARNING:dxgi_swap_chain_image_backing.cc(205)] First draw to surface should draw to everything
[19912:12476:0904/101426.330:INFO:extractor_impl.cc(1171)] ExtractorImpl::SetIsPendingEEConfig : 1
[14396:20100:0904/101426.463:ERROR:persistent_asset_storage_impl.cc(111)] Initialize succeeded with already open DB
[19912:21996:0904/101426.540:ERROR:persistent_asset_storage_impl.cc(111)] Initialize succeeded with already open DB
[14396:20100:0904/101426.540:ERROR:persistent_asset_storage_impl.cc(111)] Initialize succeeded with already open DB
[19912:21996:0904/101426.559:ERROR:persistent_asset_storage_impl.cc(111)] Initialize succeeded with already open DB
[14396:20100:0904/101426.560:ERROR:persistent_asset_storage_impl.cc(111)] Initialize succeeded with already open DB
[19912:21996:0904/101426.574:ERROR:persistent_asset_storage_impl.cc(111)] Initialize succeeded with already open DB
[14396:20100:0904/101426.763:ERROR:persistent_asset_storage_impl.cc(111)] Initialize succeeded with already open DB
[14396:20100:0904/101426.810:ERROR:persistent_asset_storage_impl.cc(111)] Initialize succeeded with already open DB
[14396:20100:0904/101426.824:ERROR:persistent_asset_storage_impl.cc(111)] Initialize succeeded with already open DB
[14396:20100:0904/101426.840:ERROR:persistent_asset_storage_impl.cc(111)] Initialize succeeded with already open DB
[14396:20100:0904/101426.938:ERROR:persistent_asset_storage_impl.cc(111)] Initialize succeeded with already open DB
[19912:21996:0904/101426.971:ERROR:persistent_asset_storage_impl.cc(111)] Initialize succeeded with already open DB
[14396:20100:0904/101427.039:ERROR:persistent_asset_storage_impl.cc(111)] Initialize succeeded with already open DB
[19472:21872:0904/101427.079:WARNING:dependency_manager.cc(56)] Trying to register KeyedService Factory: `UndersideChatKeyedServiceFactory` after the call to the main registration function `ChromeBrowserMainExtraPartsProfiles::EnsureBrowserContextKeyedServiceFactoriesBuilt()`. Please add a call your factory `KeyedServiceFactory::GetInstance()` in the previous method or to the appropriate `EnsureBrowserContextKeyedServiceFactoriesBuilt()` function to properly register your factory.
[19472:21872:0904/101427.080:WARNING:dependency_manager.cc(56)] Trying to register KeyedService Factory: `EdgeHubAppUsageService` after the call to the main registration function `ChromeBrowserMainExtraPartsProfiles::EnsureBrowserContextKeyedServiceFactoriesBuilt()`. Please add a call your factory `KeyedServiceFactory::GetInstance()` in the previous method or to the appropriate `EnsureBrowserContextKeyedServiceFactoriesBuilt()` function to properly register your factory.
[12208:18480:0904/101525.533:WARNING:dxgi_swap_chain_image_backing.cc(205)] First draw to surface should draw to everything
[13884:11536:0904/101718.926:ERROR:persistent_asset_storage_impl.cc(111)] Initialize succeeded with already open DB
[13884:11536:0904/101718.927:ERROR:persistent_asset_storage_impl.cc(111)] Initialize succeeded with already open DB
[13884:11536:0904/101718.927:ERROR:persistent_asset_storage_impl.cc(111)] Initialize succeeded with already open DB
[13884:11536:0904/101719.175:ERROR:persistent_asset_storage_impl.cc(111)] Initialize succeeded with already open DB
[19472:18964:0904/101818.597:WARNING:page_discarding_helper.cc(139)] Discarding multiple pages with target (kb): 0
[19472:12256:0904/101823.596:WARNING:page_discarding_helper.cc(139)] Discarding multiple pages with target (kb): 0
